<?xml version="1.0" encoding="UTF-8"?>
<testng-results skipped="0" failed="1" ignored="6" total="12" passed="5">
  <reporter-output>
  </reporter-output>
  <suite name="Suite" duration-ms="142683" started-at="2019-07-07T08:24:06Z" finished-at="2019-07-07T08:26:29Z">
    <groups>
    </groups>
    <test name="Test" duration-ms="142683" started-at="2019-07-07T08:24:06Z" finished-at="2019-07-07T08:26:29Z">
      <class name="tests.SignUpPageTest">
        <test-method status="PASS" signature="SignUpPageVerification()[pri:0, instance:tests.SignUpPageTest@4f970963]" name="SignUpPageVerification" duration-ms="12429" started-at="2019-07-07T08:26:02Z" finished-at="2019-07-07T08:26:15Z">
          <reporter-output>
          </reporter-output>
        </test-method> <!-- SignUpPageVerification -->
      </class> <!-- tests.SignUpPageTest -->
      <class name="tests.ForgotPasswordPageTest">
        <test-method status="PASS" signature="ForgotPasswordVerification()[pri:0, instance:tests.ForgotPasswordPageTest@61f8bee4]" name="ForgotPasswordVerification" duration-ms="13787" started-at="2019-07-07T08:26:15Z" finished-at="2019-07-07T08:26:29Z">
          <reporter-output>
          </reporter-output>
        </test-method> <!-- ForgotPasswordVerification -->
      </class> <!-- tests.ForgotPasswordPageTest -->
      <class name="tests.SkipLoginPageTest">
        <test-method status="PASS" signature="SkipLoginVerification()[pri:0, instance:tests.SkipLoginPageTest@65e2dbf3]" name="SkipLoginVerification" duration-ms="11621" started-at="2019-07-07T08:25:51Z" finished-at="2019-07-07T08:26:02Z">
          <reporter-output>
          </reporter-output>
        </test-method> <!-- SkipLoginVerification -->
      </class> <!-- tests.SkipLoginPageTest -->
      <class name="tests.LoginPageTest">
        <test-method status="PASS" signature="startServer()[pri:0, instance:tests.LoginPageTest@2b9627bc]" name="startServer" is-config="true" duration-ms="8468" started-at="2019-07-07T08:24:06Z" finished-at="2019-07-07T08:24:15Z">
          <reporter-output>
          </reporter-output>
        </test-method> <!-- startServer -->
        <test-method status="PASS" signature="LoginPageFlow(java.lang.String)[pri:0, instance:tests.LoginPageTest@2b9627bc]" name="LoginPageFlow" duration-ms="27305" started-at="2019-07-07T08:24:15Z" data-provider="InputData" finished-at="2019-07-07T08:24:42Z">
          <params>
            <param index="0">
              <value>
                <![CDATA[swadhinsoft@gmail.com]]>
              </value>
            </param>
          </params>
          <reporter-output>
          </reporter-output>
        </test-method> <!-- LoginPageFlow -->
        <test-method status="FAIL" signature="LoginPageFlow(java.lang.String)[pri:0, instance:tests.LoginPageTest@2b9627bc]" name="LoginPageFlow" duration-ms="55802" started-at="2019-07-07T08:24:42Z" data-provider="InputData" finished-at="2019-07-07T08:25:38Z">
          <params>
            <param index="0">
              <value>
                <![CDATA[@#$%]]>
              </value>
            </param>
          </params>
          <exception class="org.openqa.selenium.NoSuchElementException">
            <message>
              <![CDATA[Can't locate an element by this strategy: By.chained({By.id: main_search_icon})]]>
            </message>
            <full-stacktrace>
              <![CDATA[org.openqa.selenium.NoSuchElementException: Can't locate an element by this strategy: By.chained({By.id: main_search_icon})
at io.appium.java_client.pagefactory.AppiumElementLocator.findElement(AppiumElementLocator.java:126)
at io.appium.java_client.pagefactory.interceptors.InterceptorOfASingleElement.intercept(InterceptorOfASingleElement.java:59)
at io.appium.java_client.android.AndroidElement$$EnhancerByCGLIB$$b598166c.isDisplayed(<generated>)
at pageObjects.loginPage.Login(loginPage.java:57)
at tests.LoginPageTest.LoginPageFlow(LoginPageTest.java:34)
at sun.reflect.NativeMethodAccessorImpl.invoke0(Native Method)
at sun.reflect.NativeMethodAccessorImpl.invoke(Unknown Source)
at sun.reflect.DelegatingMethodAccessorImpl.invoke(Unknown Source)
at java.lang.reflect.Method.invoke(Unknown Source)
at org.testng.internal.MethodInvocationHelper.invokeMethod(MethodInvocationHelper.java:124)
at org.testng.internal.Invoker.invokeMethod(Invoker.java:583)
at org.testng.internal.Invoker.invokeTestMethod(Invoker.java:719)
at org.testng.internal.Invoker.invokeTestMethods(Invoker.java:989)
at org.testng.internal.TestMethodWorker.invokeTestMethods(TestMethodWorker.java:125)
at org.testng.internal.TestMethodWorker.run(TestMethodWorker.java:109)
at org.testng.TestRunner.privateRun(TestRunner.java:648)
at org.testng.TestRunner.run(TestRunner.java:505)
at org.testng.SuiteRunner.runTest(SuiteRunner.java:455)
at org.testng.SuiteRunner.runSequentially(SuiteRunner.java:450)
at org.testng.SuiteRunner.privateRun(SuiteRunner.java:415)
at org.testng.SuiteRunner.run(SuiteRunner.java:364)
at org.testng.SuiteRunnerWorker.runSuite(SuiteRunnerWorker.java:52)
at org.testng.SuiteRunnerWorker.run(SuiteRunnerWorker.java:84)
at org.testng.TestNG.runSuitesSequentially(TestNG.java:1208)
at org.testng.TestNG.runSuitesLocally(TestNG.java:1137)
at org.testng.TestNG.runSuites(TestNG.java:1049)
at org.testng.TestNG.run(TestNG.java:1017)
at org.testng.remote.AbstractRemoteTestNG.run(AbstractRemoteTestNG.java:115)
at org.testng.remote.RemoteTestNG.initAndRun(RemoteTestNG.java:251)
at org.testng.remote.RemoteTestNG.main(RemoteTestNG.java:77)
Caused by: org.openqa.selenium.TimeoutException: Expected condition failed: waiting for io.appium.java_client.pagefactory.AppiumElementLocator$WaitingFunction@6187d1f5 (tried for 1 second(s) with 500 milliseconds interval)
at org.openqa.selenium.support.ui.FluentWait.timeoutException(FluentWait.java:304)
at org.openqa.selenium.support.ui.FluentWait.until(FluentWait.java:272)
at io.appium.java_client.pagefactory.AppiumElementLocator.waitFor(AppiumElementLocator.java:99)
at io.appium.java_client.pagefactory.AppiumElementLocator.findElement(AppiumElementLocator.java:119)
... 29 more
Caused by: org.openqa.selenium.NoSuchElementException: Cannot locate an element using By.chained({By.id: main_search_icon})
For documentation on this error, please visit: https://www.seleniumhq.org/exceptions/no_such_element.html
Build info: version: '3.141.59', revision: 'e82be7d358', time: '2018-11-14T08:17:03'
System info: host: 'SWADHIN-PC', ip: '192.168.56.1', os.name: 'Windows 7', os.arch: 'amd64', os.version: '6.1', java.version: '1.8.0_101'
Driver info: driver.version: AndroidDriver
at io.appium.java_client.pagefactory.bys.builder.ByChained.findElement(ByChained.java:74)
at org.openqa.selenium.remote.RemoteWebDriver.findElement(RemoteWebDriver.java:315)
at io.appium.java_client.DefaultGenericMobileDriver.findElement(DefaultGenericMobileDriver.java:58)
at io.appium.java_client.AppiumDriver.findElement(AppiumDriver.java:1)
at io.appium.java_client.android.AndroidDriver.findElement(AndroidDriver.java:1)
at io.appium.java_client.pagefactory.bys.ContentMappedBy.findElement(ContentMappedBy.java:50)
at org.openqa.selenium.remote.RemoteWebDriver.findElement(RemoteWebDriver.java:315)
at io.appium.java_client.DefaultGenericMobileDriver.findElement(DefaultGenericMobileDriver.java:58)
at io.appium.java_client.AppiumDriver.findElement(AppiumDriver.java:1)
at io.appium.java_client.android.AndroidDriver.findElement(AndroidDriver.java:1)
at io.appium.java_client.pagefactory.AppiumElementLocator.lambda$0(AppiumElementLocator.java:120)
at io.appium.java_client.pagefactory.AppiumElementLocator$WaitingFunction.apply(AppiumElementLocator.java:172)
at io.appium.java_client.pagefactory.AppiumElementLocator$WaitingFunction.apply(AppiumElementLocator.java:1)
at org.openqa.selenium.support.ui.FluentWait.until(FluentWait.java:249)
... 31 more
]]>
            </full-stacktrace>
          </exception> <!-- org.openqa.selenium.NoSuchElementException -->
          <reporter-output>
          </reporter-output>
        </test-method> <!-- LoginPageFlow -->
        <test-method status="PASS" signature="LoginPageVerification()[pri:0, instance:tests.LoginPageTest@2b9627bc]" name="LoginPageVerification" duration-ms="11281" started-at="2019-07-07T08:25:40Z" finished-at="2019-07-07T08:25:51Z">
          <reporter-output>
          </reporter-output>
        </test-method> <!-- LoginPageVerification -->
        <test-method status="PASS" signature="killServer()[pri:0, instance:tests.LoginPageTest@2b9627bc]" name="killServer" is-config="true" duration-ms="69" started-at="2019-07-07T08:26:29Z" finished-at="2019-07-07T08:26:29Z">
          <reporter-output>
          </reporter-output>
        </test-method> <!-- killServer -->
      </class> <!-- tests.LoginPageTest -->
    </test> <!-- Test -->
  </suite> <!-- Suite -->
</testng-results>
